0 info it worked if it ends with ok
1 verbose cli [ '/usr/bin/node', '/usr/bin/npm', 'i', 'quill-autoformat' ]
2 info using npm@3.5.2
3 info using node@v8.10.0
4 silly loadCurrentTree Starting
5 silly install loadCurrentTree
6 silly install readLocalPackageData
7 silly fetchPackageMetaData quill-autoformat
8 silly fetchNamedPackageData quill-autoformat
9 silly mapToRegistry name quill-autoformat
10 silly mapToRegistry using default registry
11 silly mapToRegistry registry https://registry.npmjs.org/
12 silly mapToRegistry uri https://registry.npmjs.org/quill-autoformat
13 verbose request uri https://registry.npmjs.org/quill-autoformat
14 verbose request no auth needed
15 info attempt registry request try #1 at 5:01:56 PM
16 verbose request id 825bcdccca889f4e
17 http request GET https://registry.npmjs.org/quill-autoformat
18 http 200 https://registry.npmjs.org/quill-autoformat
19 verbose headers { date: 'Mon, 05 Jul 2021 14:02:02 GMT',
19 verbose headers   'content-type': 'application/json',
19 verbose headers   'transfer-encoding': 'chunked',
19 verbose headers   connection: 'keep-alive',
19 verbose headers   'cf-ray': '66a120e9f8da0521-JNB',
19 verbose headers   'cache-control': 'public, max-age=300',
19 verbose headers   etag: 'W/"8546f917afcca012fcb6d328db71599c"',
19 verbose headers   'last-modified': 'Wed, 27 Mar 2019 09:58:50 GMT',
19 verbose headers   vary: 'accept-encoding, accept',
19 verbose headers   'cf-cache-status': 'MISS',
19 verbose headers   'expect-ct': 'max-age=604800, report-uri="https://report-uri.cloudflare.com/cdn-cgi/beacon/expect-ct"',
19 verbose headers   server: 'cloudflare',
19 verbose headers   'content-encoding': 'gzip' }
20 silly get cb [ 200,
20 silly get   { date: 'Mon, 05 Jul 2021 14:02:02 GMT',
20 silly get     'content-type': 'application/json',
20 silly get     'transfer-encoding': 'chunked',
20 silly get     connection: 'keep-alive',
20 silly get     'cf-ray': '66a120e9f8da0521-JNB',
20 silly get     'cache-control': 'public, max-age=300',
20 silly get     etag: 'W/"8546f917afcca012fcb6d328db71599c"',
20 silly get     'last-modified': 'Wed, 27 Mar 2019 09:58:50 GMT',
20 silly get     vary: 'accept-encoding, accept',
20 silly get     'cf-cache-status': 'MISS',
20 silly get     'expect-ct': 'max-age=604800, report-uri="https://report-uri.cloudflare.com/cdn-cgi/beacon/expect-ct"',
20 silly get     server: 'cloudflare',
20 silly get     'content-encoding': 'gzip' } ]
21 verbose get saving quill-autoformat to /home/rev/.npm/registry.npmjs.org/quill-autoformat/.cache.json
22 silly install normalizeTree
23 silly loadCurrentTree Finishing
24 silly loadIdealTree Starting
25 silly install loadIdealTree
26 silly cloneCurrentTree Starting
27 silly install cloneCurrentTreeToIdealTree
28 silly cloneCurrentTree Finishing
29 silly loadShrinkwrap Starting
30 silly install loadShrinkwrap
31 silly loadShrinkwrap Finishing
32 silly loadAllDepsIntoIdealTree Starting
33 silly install loadAllDepsIntoIdealTree
34 silly resolveWithNewModule quill-autoformat@0.1.2 checking installable status
35 silly cache add args [ 'quill-autoformat', null ]
36 verbose cache add spec quill-autoformat
37 silly cache add parsed spec Result {
37 silly cache add   raw: 'quill-autoformat',
37 silly cache add   scope: null,
37 silly cache add   name: 'quill-autoformat',
37 silly cache add   rawSpec: '',
37 silly cache add   spec: 'latest',
37 silly cache add   type: 'tag' }
38 silly addNamed quill-autoformat@latest
39 verbose addNamed "latest" is being treated as a dist-tag for quill-autoformat
40 info addNameTag [ 'quill-autoformat', 'latest' ]
41 silly mapToRegistry name quill-autoformat
42 silly mapToRegistry using default registry
43 silly mapToRegistry registry https://registry.npmjs.org/
44 silly mapToRegistry uri https://registry.npmjs.org/quill-autoformat
45 verbose addNameTag registry:https://registry.npmjs.org/quill-autoformat not in flight; fetching
46 verbose get https://registry.npmjs.org/quill-autoformat not expired, no request
47 silly addNameTag next cb for quill-autoformat with tag latest
48 silly addNamed quill-autoformat@0.1.2
49 verbose addNamed "0.1.2" is a plain semver version for quill-autoformat
50 silly mapToRegistry name quill-autoformat
51 silly mapToRegistry using default registry
52 silly mapToRegistry registry https://registry.npmjs.org/
53 silly mapToRegistry uri https://registry.npmjs.org/quill-autoformat
54 verbose addRemoteTarball https://registry.npmjs.org/quill-autoformat/-/quill-autoformat-0.1.2.tgz not in flight; adding
55 verbose addRemoteTarball [ 'https://registry.npmjs.org/quill-autoformat/-/quill-autoformat-0.1.2.tgz',
55 verbose addRemoteTarball   '34c026dceece7cf246fb67ad36cd1b1063f7208e' ]
56 info retry fetch attempt 1 at 5:02:08 PM
57 info attempt registry request try #1 at 5:02:08 PM
58 http fetch GET https://registry.npmjs.org/quill-autoformat/-/quill-autoformat-0.1.2.tgz
59 http fetch 200 https://registry.npmjs.org/quill-autoformat/-/quill-autoformat-0.1.2.tgz
60 silly fetchAndShaCheck shasum 34c026dceece7cf246fb67ad36cd1b1063f7208e
61 verbose addTmpTarball /tmp/npm-19627-587be816/registry.npmjs.org/quill-autoformat/-/quill-autoformat-0.1.2.tgz not in flight; adding
62 verbose addTmpTarball already have metadata; skipping unpack for quill-autoformat@0.1.2
63 silly cache afterAdd quill-autoformat@0.1.2
64 verbose afterAdd /home/rev/.npm/quill-autoformat/0.1.2/package/package.json not in flight; writing
65 verbose afterAdd /home/rev/.npm/quill-autoformat/0.1.2/package/package.json written
66 silly fetchNamedPackageData quill
67 silly mapToRegistry name quill
68 silly mapToRegistry using default registry
69 silly mapToRegistry registry https://registry.npmjs.org/
70 silly mapToRegistry uri https://registry.npmjs.org/quill
71 verbose request uri https://registry.npmjs.org/quill
72 verbose request no auth needed
73 info attempt registry request try #1 at 5:02:10 PM
74 http request GET https://registry.npmjs.org/quill
75 http 200 https://registry.npmjs.org/quill
76 verbose headers { date: 'Mon, 05 Jul 2021 14:02:10 GMT',
76 verbose headers   'content-type': 'application/json',
76 verbose headers   'transfer-encoding': 'chunked',
76 verbose headers   connection: 'keep-alive',
76 verbose headers   'cf-ray': '66a121257a480521-JNB',
76 verbose headers   age: '1150',
76 verbose headers   'cache-control': 'public, max-age=300',
76 verbose headers   etag: 'W/"bcde8d4770896393a72cc6ae4f61b611"',
76 verbose headers   'last-modified': 'Fri, 10 Apr 2020 22:13:29 GMT',
76 verbose headers   vary: 'accept-encoding, accept',
76 verbose headers   'cf-cache-status': 'HIT',
76 verbose headers   'expect-ct': 'max-age=604800, report-uri="https://report-uri.cloudflare.com/cdn-cgi/beacon/expect-ct"',
76 verbose headers   server: 'cloudflare',
76 verbose headers   'content-encoding': 'gzip' }
77 silly get cb [ 200,
77 silly get   { date: 'Mon, 05 Jul 2021 14:02:10 GMT',
77 silly get     'content-type': 'application/json',
77 silly get     'transfer-encoding': 'chunked',
77 silly get     connection: 'keep-alive',
77 silly get     'cf-ray': '66a121257a480521-JNB',
77 silly get     age: '1150',
77 silly get     'cache-control': 'public, max-age=300',
77 silly get     etag: 'W/"bcde8d4770896393a72cc6ae4f61b611"',
77 silly get     'last-modified': 'Fri, 10 Apr 2020 22:13:29 GMT',
77 silly get     vary: 'accept-encoding, accept',
77 silly get     'cf-cache-status': 'HIT',
77 silly get     'expect-ct': 'max-age=604800, report-uri="https://report-uri.cloudflare.com/cdn-cgi/beacon/expect-ct"',
77 silly get     server: 'cloudflare',
77 silly get     'content-encoding': 'gzip' } ]
78 verbose get saving quill to /home/rev/.npm/registry.npmjs.org/quill/.cache.json
79 silly resolveWithNewModule quill@2.0.0-dev.4 checking installable status
80 silly cache add args [ 'quill@>=2.0.0-dev.3', null ]
81 verbose cache add spec quill@>=2.0.0-dev.3
82 silly cache add parsed spec Result {
82 silly cache add   raw: 'quill@>=2.0.0-dev.3',
82 silly cache add   scope: null,
82 silly cache add   name: 'quill',
82 silly cache add   rawSpec: '>=2.0.0-dev.3',
82 silly cache add   spec: '>=2.0.0-dev.3',
82 silly cache add   type: 'range' }
83 silly addNamed quill@>=2.0.0-dev.3
84 verbose addNamed ">=2.0.0-dev.3" is a valid semver range for quill
85 silly addNameRange { name: 'quill', range: '>=2.0.0-dev.3', hasData: false }
86 silly mapToRegistry name quill
87 silly mapToRegistry using default registry
88 silly mapToRegistry registry https://registry.npmjs.org/
89 silly mapToRegistry uri https://registry.npmjs.org/quill
90 verbose addNameRange registry:https://registry.npmjs.org/quill not in flight; fetching
91 verbose get https://registry.npmjs.org/quill not expired, no request
92 silly addNameRange number 2 { name: 'quill', range: '>=2.0.0-dev.3', hasData: true }
93 silly addNameRange versions [ 'quill',
93 silly addNameRange   [ '0.1.0',
93 silly addNameRange     '0.1.1',
93 silly addNameRange     '0.1.2',
93 silly addNameRange     '0.1.4',
93 silly addNameRange     '0.1.5',
93 silly addNameRange     '0.1.5-1',
93 silly addNameRange     '0.19.0',
93 silly addNameRange     '0.19.1',
93 silly addNameRange     '0.19.2',
93 silly addNameRange     '0.19.3',
93 silly addNameRange     '0.19.4',
93 silly addNameRange     '0.19.5',
93 silly addNameRange     '0.19.7',
93 silly addNameRange     '0.19.8',
93 silly addNameRange     '0.19.10',
93 silly addNameRange     '0.19.11',
93 silly addNameRange     '0.19.12',
93 silly addNameRange     '0.19.14',
93 silly addNameRange     '0.20.0',
93 silly addNameRange     '0.20.1',
93 silly addNameRange     '1.0.0-beta.0',
93 silly addNameRange     '1.0.0-beta.1',
93 silly addNameRange     '1.0.0-beta.2',
93 silly addNameRange     '1.0.0-beta.3',
93 silly addNameRange     '1.0.0-beta.4',
93 silly addNameRange     '1.0.0-beta.5',
93 silly addNameRange     '1.0.0-beta.6',
93 silly addNameRange     '1.0.0-beta.8',
93 silly addNameRange     '1.0.0-beta.9',
93 silly addNameRange     '1.0.0-beta.10',
93 silly addNameRange     '1.0.0-beta.11',
93 silly addNameRange     '1.0.0-rc.0',
93 silly addNameRange     '1.0.0-rc.1',
93 silly addNameRange     '1.0.0-rc.2',
93 silly addNameRange     '1.0.0-rc.3',
93 silly addNameRange     '1.0.0-rc.4',
93 silly addNameRange     '1.0.0',
93 silly addNameRange     '1.0.2',
93 silly addNameRange     '1.0.3',
93 silly addNameRange     '1.0.4',
93 silly addNameRange     '1.0.6',
93 silly addNameRange     '1.1.0',
93 silly addNameRange     '1.1.1',
93 silly addNameRange     '1.1.2',
93 silly addNameRange     '1.1.3',
93 silly addNameRange     '1.1.5',
93 silly addNameRange     '1.1.6',
93 silly addNameRange     '1.1.7',
93 silly addNameRange     '1.1.8',
93 silly addNameRange     '1.1.9',
93 silly addNameRange     '1.1.10',
93 silly addNameRange     '1.2.0',
93 silly addNameRange     '1.2.1',
93 silly addNameRange     '1.2.2',
93 silly addNameRange     '1.2.3',
93 silly addNameRange     '1.2.4',
93 silly addNameRange     '1.2.5',
93 silly addNameRange     '1.2.6',
93 silly addNameRange     '1.3.0',
93 silly addNameRange     '1.3.1',
93 silly addNameRange     '1.3.2',
93 silly addNameRange     '1.3.3',
93 silly addNameRange     '1.3.4',
93 silly addNameRange     '1.3.5',
93 silly addNameRange     '1.3.6',
93 silly addNameRange     '2.0.0-dev.0',
93 silly addNameRange     '2.0.0-dev.1',
93 silly addNameRange     '2.0.0-dev.2',
93 silly addNameRange     '2.0.0-dev.3',
93 silly addNameRange     '1.3.7',
93 silly addNameRange     '2.0.0-dev.4' ] ]
94 silly addNamed quill@2.0.0-dev.4
95 verbose addNamed "2.0.0-dev.4" is a plain semver version for quill
96 silly mapToRegistry name quill
97 silly mapToRegistry using default registry
98 silly mapToRegistry registry https://registry.npmjs.org/
99 silly mapToRegistry uri https://registry.npmjs.org/quill
100 verbose addRemoteTarball https://registry.npmjs.org/quill/-/quill-2.0.0-dev.4.tgz not in flight; adding
101 verbose addRemoteTarball [ 'https://registry.npmjs.org/quill/-/quill-2.0.0-dev.4.tgz',
101 verbose addRemoteTarball   '130e38efe7a16b3766d767d750c8aacc038945e7' ]
102 info retry fetch attempt 1 at 5:02:10 PM
103 info attempt registry request try #1 at 5:02:10 PM
104 http fetch GET https://registry.npmjs.org/quill/-/quill-2.0.0-dev.4.tgz
105 http fetch 200 https://registry.npmjs.org/quill/-/quill-2.0.0-dev.4.tgz
106 silly fetchAndShaCheck shasum 130e38efe7a16b3766d767d750c8aacc038945e7
107 verbose addTmpTarball /tmp/npm-19627-587be816/registry.npmjs.org/quill/-/quill-2.0.0-dev.4.tgz not in flight; adding
108 verbose addTmpTarball already have metadata; skipping unpack for quill@2.0.0-dev.4
109 silly cache afterAdd quill@2.0.0-dev.4
110 verbose afterAdd /home/rev/.npm/quill/2.0.0-dev.4/package/package.json not in flight; writing
111 verbose afterAdd /home/rev/.npm/quill/2.0.0-dev.4/package/package.json written
112 silly fetchNamedPackageData clone
113 silly mapToRegistry name clone
114 silly mapToRegistry using default registry
115 silly mapToRegistry registry https://registry.npmjs.org/
116 silly mapToRegistry uri https://registry.npmjs.org/clone
117 silly fetchNamedPackageData deep-equal
118 silly mapToRegistry name deep-equal
119 silly mapToRegistry using default registry
120 silly mapToRegistry registry https://registry.npmjs.org/
121 silly mapToRegistry uri https://registry.npmjs.org/deep-equal
122 silly fetchNamedPackageData parchment
123 silly mapToRegistry name parchment
124 silly mapToRegistry using default registry
125 silly mapToRegistry registry https://registry.npmjs.org/
126 silly mapToRegistry uri https://registry.npmjs.org/parchment
127 silly fetchNamedPackageData quill-delta
128 silly mapToRegistry name quill-delta
129 silly mapToRegistry using default registry
130 silly mapToRegistry registry https://registry.npmjs.org/
131 silly mapToRegistry uri https://registry.npmjs.org/quill-delta
132 verbose request uri https://registry.npmjs.org/clone
133 verbose request no auth needed
134 info attempt registry request try #1 at 5:02:11 PM
135 http request GET https://registry.npmjs.org/clone
136 verbose request uri https://registry.npmjs.org/deep-equal
137 verbose request no auth needed
138 info attempt registry request try #1 at 5:02:11 PM
139 http request GET https://registry.npmjs.org/deep-equal
140 verbose request uri https://registry.npmjs.org/parchment
141 verbose request no auth needed
142 info attempt registry request try #1 at 5:02:11 PM
143 http request GET https://registry.npmjs.org/parchment
144 verbose request uri https://registry.npmjs.org/quill-delta
145 verbose request no auth needed
146 info attempt registry request try #1 at 5:02:11 PM
147 http request GET https://registry.npmjs.org/quill-delta
148 http 200 https://registry.npmjs.org/clone
149 verbose headers { date: 'Mon, 05 Jul 2021 14:02:11 GMT',
149 verbose headers   'content-type': 'application/json',
149 verbose headers   'transfer-encoding': 'chunked',
149 verbose headers   connection: 'keep-alive',
149 verbose headers   'cf-ray': '66a1213079c60521-JNB',
149 verbose headers   age: '4414',
149 verbose headers   'cache-control': 'public, max-age=300',
149 verbose headers   etag: 'W/"b9685f026571d122f1faafa446bdbd73"',
149 verbose headers   'last-modified': 'Sun, 25 Oct 2020 11:20:43 GMT',
149 verbose headers   vary: 'accept-encoding, accept',
149 verbose headers   'cf-cache-status': 'HIT',
149 verbose headers   'expect-ct': 'max-age=604800, report-uri="https://report-uri.cloudflare.com/cdn-cgi/beacon/expect-ct"',
149 verbose headers   server: 'cloudflare',
149 verbose headers   'content-encoding': 'gzip' }
150 silly get cb [ 200,
150 silly get   { date: 'Mon, 05 Jul 2021 14:02:11 GMT',
150 silly get     'content-type': 'application/json',
150 silly get     'transfer-encoding': 'chunked',
150 silly get     connection: 'keep-alive',
150 silly get     'cf-ray': '66a1213079c60521-JNB',
150 silly get     age: '4414',
150 silly get     'cache-control': 'public, max-age=300',
150 silly get     etag: 'W/"b9685f026571d122f1faafa446bdbd73"',
150 silly get     'last-modified': 'Sun, 25 Oct 2020 11:20:43 GMT',
150 silly get     vary: 'accept-encoding, accept',
150 silly get     'cf-cache-status': 'HIT',
150 silly get     'expect-ct': 'max-age=604800, report-uri="https://report-uri.cloudflare.com/cdn-cgi/beacon/expect-ct"',
150 silly get     server: 'cloudflare',
150 silly get     'content-encoding': 'gzip' } ]
151 verbose get saving clone to /home/rev/.npm/registry.npmjs.org/clone/.cache.json
152 silly resolveWithNewModule clone@2.1.2 checking installable status
153 silly cache add args [ 'clone@^2.1.2', null ]
154 verbose cache add spec clone@^2.1.2
155 silly cache add parsed spec Result {
155 silly cache add   raw: 'clone@^2.1.2',
155 silly cache add   scope: null,
155 silly cache add   name: 'clone',
155 silly cache add   rawSpec: '^2.1.2',
155 silly cache add   spec: '>=2.1.2 <3.0.0',
155 silly cache add   type: 'range' }
156 silly addNamed clone@>=2.1.2 <3.0.0
157 verbose addNamed ">=2.1.2 <3.0.0" is a valid semver range for clone
158 silly addNameRange { name: 'clone', range: '>=2.1.2 <3.0.0', hasData: false }
159 silly mapToRegistry name clone
160 silly mapToRegistry using default registry
161 silly mapToRegistry registry https://registry.npmjs.org/
162 silly mapToRegistry uri https://registry.npmjs.org/clone
163 verbose addNameRange registry:https://registry.npmjs.org/clone not in flight; fetching
164 verbose get https://registry.npmjs.org/clone not expired, no request
165 silly addNameRange number 2 { name: 'clone', range: '>=2.1.2 <3.0.0', hasData: true }
166 silly addNameRange versions [ 'clone',
166 silly addNameRange   [ '0.0.0',
166 silly addNameRange     '0.0.1',
166 silly addNameRange     '0.0.2',
166 silly addNameRange     '0.0.3',
166 silly addNameRange     '0.0.4',
166 silly addNameRange     '0.0.5',
166 silly addNameRange     '0.0.6',
166 silly addNameRange     '0.0.7',
166 silly addNameRange     '0.1.0',
166 silly addNameRange     '0.1.1',
166 silly addNameRange     '0.1.2',
166 silly addNameRange     '0.1.3',
166 silly addNameRange     '0.1.4',
166 silly addNameRange     '0.1.5',
166 silly addNameRange     '0.1.6',
166 silly addNameRange     '0.1.7',
166 silly addNameRange     '0.1.8',
166 silly addNameRange     '0.1.9',
166 silly addNameRange     '0.1.10',
166 silly addNameRange     '0.1.11',
166 silly addNameRange     '0.1.12',
166 silly addNameRange     '0.1.13',
166 silly addNameRange     '0.1.14',
166 silly addNameRange     '0.1.15',
166 silly addNameRange     '0.1.16',
166 silly addNameRange     '0.1.17',
166 silly addNameRange     '0.1.18',
166 silly addNameRange     '0.2.0',
166 silly addNameRange     '0.1.19',
166 silly addNameRange     '1.0.0',
166 silly addNameRange     '1.0.1',
166 silly addNameRange     '1.0.2',
166 silly addNameRange     '2.0.0',
166 silly addNameRange     '2.1.0',
166 silly addNameRange     '2.1.1',
166 silly addNameRange     '1.0.3',
166 silly addNameRange     '2.1.2',
166 silly addNameRange     '1.0.4' ] ]
167 silly addNamed clone@2.1.2
168 verbose addNamed "2.1.2" is a plain semver version for clone
169 silly mapToRegistry name clone
170 silly mapToRegistry using default registry
171 silly mapToRegistry registry https://registry.npmjs.org/
172 silly mapToRegistry uri https://registry.npmjs.org/clone
173 verbose addRemoteTarball https://registry.npmjs.org/clone/-/clone-2.1.2.tgz not in flight; adding
174 verbose addRemoteTarball [ 'https://registry.npmjs.org/clone/-/clone-2.1.2.tgz',
174 verbose addRemoteTarball   '1b7f4b9f591f1e8f83670401600345a02887435f' ]
175 info retry fetch attempt 1 at 5:02:12 PM
176 info attempt registry request try #1 at 5:02:12 PM
177 http fetch GET https://registry.npmjs.org/clone/-/clone-2.1.2.tgz
178 http fetch 200 https://registry.npmjs.org/clone/-/clone-2.1.2.tgz
179 silly fetchAndShaCheck shasum 1b7f4b9f591f1e8f83670401600345a02887435f
180 verbose addTmpTarball /tmp/npm-19627-587be816/registry.npmjs.org/clone/-/clone-2.1.2.tgz not in flight; adding
181 verbose addTmpTarball already have metadata; skipping unpack for clone@2.1.2
182 silly cache afterAdd clone@2.1.2
183 verbose afterAdd /home/rev/.npm/clone/2.1.2/package/package.json not in flight; writing
184 verbose afterAdd /home/rev/.npm/clone/2.1.2/package/package.json written
185 http 200 https://registry.npmjs.org/deep-equal
186 verbose headers { date: 'Mon, 05 Jul 2021 14:02:15 GMT',
186 verbose headers   'content-type': 'application/json',
186 verbose headers   'transfer-encoding': 'chunked',
186 verbose headers   connection: 'keep-alive',
186 verbose headers   'cf-ray': '66a1213d3c27052e-JNB',
186 verbose headers   'cache-control': 'public, max-age=300',
186 verbose headers   etag: 'W/"af6605bdc2e83d4ac852eda72d98d1b1"',
186 verbose headers   'last-modified': 'Fri, 07 May 2021 13:50:51 GMT',
186 verbose headers   vary: 'accept-encoding, accept',
186 verbose headers   'cf-cache-status': 'REVALIDATED',
186 verbose headers   'expect-ct': 'max-age=604800, report-uri="https://report-uri.cloudflare.com/cdn-cgi/beacon/expect-ct"',
186 verbose headers   server: 'cloudflare',
186 verbose headers   'content-encoding': 'gzip' }
187 silly get cb [ 200,
187 silly get   { date: 'Mon, 05 Jul 2021 14:02:15 GMT',
187 silly get     'content-type': 'application/json',
187 silly get     'transfer-encoding': 'chunked',
187 silly get     connection: 'keep-alive',
187 silly get     'cf-ray': '66a1213d3c27052e-JNB',
187 silly get     'cache-control': 'public, max-age=300',
187 silly get     etag: 'W/"af6605bdc2e83d4ac852eda72d98d1b1"',
187 silly get     'last-modified': 'Fri, 07 May 2021 13:50:51 GMT',
187 silly get     vary: 'accept-encoding, accept',
187 silly get     'cf-cache-status': 'REVALIDATED',
187 silly get     'expect-ct': 'max-age=604800, report-uri="https://report-uri.cloudflare.com/cdn-cgi/beacon/expect-ct"',
187 silly get     server: 'cloudflare',
187 silly get     'content-encoding': 'gzip' } ]
188 verbose get saving deep-equal to /home/rev/.npm/registry.npmjs.org/deep-equal/.cache.json
189 http 200 https://registry.npmjs.org/quill-delta
190 verbose headers { date: 'Mon, 05 Jul 2021 14:02:15 GMT',
190 verbose headers   'content-type': 'application/json',
190 verbose headers   'transfer-encoding': 'chunked',
190 verbose headers   connection: 'keep-alive',
190 verbose headers   'cf-ray': '66a1213d3add051d-JNB',
190 verbose headers   'cache-control': 'public, max-age=300',
190 verbose headers   etag: 'W/"546b55cae5b971f218ad08c0716f2e3b"',
190 verbose headers   'last-modified': 'Wed, 15 Apr 2020 03:51:59 GMT',
190 verbose headers   vary: 'accept-encoding, accept',
190 verbose headers   'cf-cache-status': 'REVALIDATED',
190 verbose headers   'expect-ct': 'max-age=604800, report-uri="https://report-uri.cloudflare.com/cdn-cgi/beacon/expect-ct"',
190 verbose headers   server: 'cloudflare',
190 verbose headers   'content-encoding': 'gzip' }
191 silly get cb [ 200,
191 silly get   { date: 'Mon, 05 Jul 2021 14:02:15 GMT',
191 silly get     'content-type': 'application/json',
191 silly get     'transfer-encoding': 'chunked',
191 silly get     connection: 'keep-alive',
191 silly get     'cf-ray': '66a1213d3add051d-JNB',
191 silly get     'cache-control': 'public, max-age=300',
191 silly get     etag: 'W/"546b55cae5b971f218ad08c0716f2e3b"',
191 silly get     'last-modified': 'Wed, 15 Apr 2020 03:51:59 GMT',
191 silly get     vary: 'accept-encoding, accept',
191 silly get     'cf-cache-status': 'REVALIDATED',
191 silly get     'expect-ct': 'max-age=604800, report-uri="https://report-uri.cloudflare.com/cdn-cgi/beacon/expect-ct"',
191 silly get     server: 'cloudflare',
191 silly get     'content-encoding': 'gzip' } ]
192 verbose get saving quill-delta to /home/rev/.npm/registry.npmjs.org/quill-delta/.cache.json
193 http 200 https://registry.npmjs.org/parchment
194 verbose headers { date: 'Mon, 05 Jul 2021 14:02:15 GMT',
194 verbose headers   'content-type': 'application/json',
194 verbose headers   'transfer-encoding': 'chunked',
194 verbose headers   connection: 'keep-alive',
194 verbose headers   'cf-ray': '66a1213d3f9aac7c-JNB',
194 verbose headers   'cache-control': 'public, max-age=300',
194 verbose headers   etag: 'W/"5ecb003826cde6eca0e37706c1590bbe"',
194 verbose headers   'last-modified': 'Fri, 10 Apr 2020 09:24:52 GMT',
194 verbose headers   vary: 'accept-encoding, accept',
194 verbose headers   'cf-cache-status': 'REVALIDATED',
194 verbose headers   'expect-ct': 'max-age=604800, report-uri="https://report-uri.cloudflare.com/cdn-cgi/beacon/expect-ct"',
194 verbose headers   server: 'cloudflare',
194 verbose headers   'content-encoding': 'gzip' }
195 silly get cb [ 200,
195 silly get   { date: 'Mon, 05 Jul 2021 14:02:15 GMT',
195 silly get     'content-type': 'application/json',
195 silly get     'transfer-encoding': 'chunked',
195 silly get     connection: 'keep-alive',
195 silly get     'cf-ray': '66a1213d3f9aac7c-JNB',
195 silly get     'cache-control': 'public, max-age=300',
195 silly get     etag: 'W/"5ecb003826cde6eca0e37706c1590bbe"',
195 silly get     'last-modified': 'Fri, 10 Apr 2020 09:24:52 GMT',
195 silly get     vary: 'accept-encoding, accept',
195 silly get     'cf-cache-status': 'REVALIDATED',
195 silly get     'expect-ct': 'max-age=604800, report-uri="https://report-uri.cloudflare.com/cdn-cgi/beacon/expect-ct"',
195 silly get     server: 'cloudflare',
195 silly get     'content-encoding': 'gzip' } ]
196 verbose get saving parchment to /home/rev/.npm/registry.npmjs.org/parchment/.cache.json
197 silly resolveWithNewModule deep-equal@2.0.5 checking installable status
198 silly cache add args [ 'deep-equal@^2.0.2', null ]
199 verbose cache add spec deep-equal@^2.0.2
200 silly cache add parsed spec Result {
200 silly cache add   raw: 'deep-equal@^2.0.2',
200 silly cache add   scope: null,
200 silly cache add   name: 'deep-equal',
200 silly cache add   rawSpec: '^2.0.2',
200 silly cache add   spec: '>=2.0.2 <3.0.0',
200 silly cache add   type: 'range' }
201 silly addNamed deep-equal@>=2.0.2 <3.0.0
202 verbose addNamed ">=2.0.2 <3.0.0" is a valid semver range for deep-equal
203 silly addNameRange { name: 'deep-equal', range: '>=2.0.2 <3.0.0', hasData: false }
204 silly mapToRegistry name deep-equal
205 silly mapToRegistry using default registry
206 silly mapToRegistry registry https://registry.npmjs.org/
207 silly mapToRegistry uri https://registry.npmjs.org/deep-equal
208 verbose addNameRange registry:https://registry.npmjs.org/deep-equal not in flight; fetching
209 verbose get https://registry.npmjs.org/deep-equal not expired, no request
210 silly addNameRange number 2 { name: 'deep-equal', range: '>=2.0.2 <3.0.0', hasData: true }
211 silly addNameRange versions [ 'deep-equal',
211 silly addNameRange   [ '0.0.0',
211 silly addNameRange     '0.1.0',
211 silly addNameRange     '0.1.1',
211 silly addNameRange     '0.1.2',
211 silly addNameRange     '0.2.0',
211 silly addNameRange     '0.2.1',
211 silly addNameRange     '0.2.2',
211 silly addNameRange     '1.0.0',
211 silly addNameRange     '1.0.1',
211 silly addNameRange     '1.1.0',
211 silly addNameRange     '1.1.1',
211 silly addNameRange     '2.0.1',
211 silly addNameRange     '2.0.2',
211 silly addNameRange     '2.0.3',
211 silly addNameRange     '2.0.4',
211 silly addNameRange     '2.0.5' ] ]
212 silly addNamed deep-equal@2.0.5
213 verbose addNamed "2.0.5" is a plain semver version for deep-equal
214 silly mapToRegistry name deep-equal
215 silly mapToRegistry using default registry
216 silly mapToRegistry registry https://registry.npmjs.org/
217 silly mapToRegistry uri https://registry.npmjs.org/deep-equal
218 verbose addRemoteTarball https://registry.npmjs.org/deep-equal/-/deep-equal-2.0.5.tgz not in flight; adding
219 verbose addRemoteTarball [ 'https://registry.npmjs.org/deep-equal/-/deep-equal-2.0.5.tgz',
219 verbose addRemoteTarball   '55cd2fe326d83f9cbf7261ef0e060b3f724c5cb9' ]
220 silly resolveWithNewModule quill-delta@4.2.1 checking installable status
221 silly cache add args [ 'quill-delta@4.2.1', null ]
222 verbose cache add spec quill-delta@4.2.1
223 silly cache add parsed spec Result {
223 silly cache add   raw: 'quill-delta@4.2.1',
223 silly cache add   scope: null,
223 silly cache add   name: 'quill-delta',
223 silly cache add   rawSpec: '4.2.1',
223 silly cache add   spec: '4.2.1',
223 silly cache add   type: 'version' }
224 silly addNamed quill-delta@4.2.1
225 verbose addNamed "4.2.1" is a plain semver version for quill-delta
226 silly mapToRegistry name quill-delta
227 silly mapToRegistry using default registry
228 silly mapToRegistry registry https://registry.npmjs.org/
229 silly mapToRegistry uri https://registry.npmjs.org/quill-delta
230 verbose addNameVersion registry:https://registry.npmjs.org/quill-delta not in flight; fetching
231 info retry fetch attempt 1 at 5:02:16 PM
232 info attempt registry request try #1 at 5:02:16 PM
233 http fetch GET https://registry.npmjs.org/deep-equal/-/deep-equal-2.0.5.tgz
234 silly resolveWithNewModule parchment@2.0.0-dev.2 checking installable status
235 silly cache add args [ 'parchment@2.0.0-dev.2', null ]
236 verbose cache add spec parchment@2.0.0-dev.2
237 silly cache add parsed spec Result {
237 silly cache add   raw: 'parchment@2.0.0-dev.2',
237 silly cache add   scope: null,
237 silly cache add   name: 'parchment',
237 silly cache add   rawSpec: '2.0.0-dev.2',
237 silly cache add   spec: '2.0.0-dev.2',
237 silly cache add   type: 'version' }
238 silly addNamed parchment@2.0.0-dev.2
239 verbose addNamed "2.0.0-dev.2" is a plain semver version for parchment
240 silly mapToRegistry name parchment
241 silly mapToRegistry using default registry
242 silly mapToRegistry registry https://registry.npmjs.org/
243 silly mapToRegistry uri https://registry.npmjs.org/parchment
244 verbose addNameVersion registry:https://registry.npmjs.org/parchment not in flight; fetching
245 verbose get https://registry.npmjs.org/quill-delta not expired, no request
246 silly mapToRegistry name quill-delta
247 silly mapToRegistry using default registry
248 silly mapToRegistry registry https://registry.npmjs.org/
249 silly mapToRegistry uri https://registry.npmjs.org/quill-delta
250 verbose addRemoteTarball https://registry.npmjs.org/quill-delta/-/quill-delta-4.2.1.tgz not in flight; adding
251 verbose addRemoteTarball [ 'https://registry.npmjs.org/quill-delta/-/quill-delta-4.2.1.tgz',
251 verbose addRemoteTarball   'ad4f191cdf3be5079c5dc3991b9603a5cc0db69a' ]
252 verbose get https://registry.npmjs.org/parchment not expired, no request
253 silly mapToRegistry name parchment
254 silly mapToRegistry using default registry
255 silly mapToRegistry registry https://registry.npmjs.org/
256 silly mapToRegistry uri https://registry.npmjs.org/parchment
257 verbose addRemoteTarball https://registry.npmjs.org/parchment/-/parchment-2.0.0-dev.2.tgz not in flight; adding
258 verbose addRemoteTarball [ 'https://registry.npmjs.org/parchment/-/parchment-2.0.0-dev.2.tgz',
258 verbose addRemoteTarball   '9d6fe57b3721317bd1c481ea38ffa9b287d496b8' ]
259 info retry fetch attempt 1 at 5:02:16 PM
260 info attempt registry request try #1 at 5:02:16 PM
261 http fetch GET https://registry.npmjs.org/quill-delta/-/quill-delta-4.2.1.tgz
262 info retry fetch attempt 1 at 5:02:16 PM
263 info attempt registry request try #1 at 5:02:16 PM
264 http fetch GET https://registry.npmjs.org/parchment/-/parchment-2.0.0-dev.2.tgz
265 http fetch 200 https://registry.npmjs.org/deep-equal/-/deep-equal-2.0.5.tgz
266 http fetch 200 https://registry.npmjs.org/parchment/-/parchment-2.0.0-dev.2.tgz
267 http fetch 200 https://registry.npmjs.org/quill-delta/-/quill-delta-4.2.1.tgz
268 silly fetchAndShaCheck shasum 55cd2fe326d83f9cbf7261ef0e060b3f724c5cb9
269 verbose addTmpTarball /tmp/npm-19627-587be816/registry.npmjs.org/deep-equal/-/deep-equal-2.0.5.tgz not in flight; adding
270 verbose addTmpTarball already have metadata; skipping unpack for deep-equal@2.0.5
271 silly cache afterAdd deep-equal@2.0.5
272 verbose afterAdd /home/rev/.npm/deep-equal/2.0.5/package/package.json not in flight; writing
273 verbose afterAdd /home/rev/.npm/deep-equal/2.0.5/package/package.json written
274 silly fetchAndShaCheck shasum ad4f191cdf3be5079c5dc3991b9603a5cc0db69a
275 silly fetchAndShaCheck shasum 9d6fe57b3721317bd1c481ea38ffa9b287d496b8
276 verbose addTmpTarball /tmp/npm-19627-587be816/registry.npmjs.org/quill-delta/-/quill-delta-4.2.1.tgz not in flight; adding
277 verbose addTmpTarball already have metadata; skipping unpack for quill-delta@4.2.1
278 verbose addTmpTarball /tmp/npm-19627-587be816/registry.npmjs.org/parchment/-/parchment-2.0.0-dev.2.tgz not in flight; adding
279 verbose addTmpTarball already have metadata; skipping unpack for parchment@2.0.0-dev.2
280 silly cache afterAdd quill-delta@4.2.1
281 verbose afterAdd /home/rev/.npm/quill-delta/4.2.1/package/package.json not in flight; writing
282 silly cache afterAdd parchment@2.0.0-dev.2
283 verbose afterAdd /home/rev/.npm/parchment/2.0.0-dev.2/package/package.json not in flight; writing
284 verbose afterAdd /home/rev/.npm/quill-delta/4.2.1/package/package.json written
285 verbose afterAdd /home/rev/.npm/parchment/2.0.0-dev.2/package/package.json written
286 silly fetchNamedPackageData call-bind
287 silly mapToRegistry name call-bind
288 silly mapToRegistry using default registry
289 silly mapToRegistry registry https://registry.npmjs.org/
290 silly mapToRegistry uri https://registry.npmjs.org/call-bind
291 silly fetchNamedPackageData es-get-iterator
292 silly mapToRegistry name es-get-iterator
293 silly mapToRegistry using default registry
294 silly mapToRegistry registry https://registry.npmjs.org/
295 silly mapToRegistry uri https://registry.npmjs.org/es-get-iterator
296 silly fetchNamedPackageData get-intrinsic
297 silly mapToRegistry name get-intrinsic
298 silly mapToRegistry using default registry
299 silly mapToRegistry registry https://registry.npmjs.org/
300 silly mapToRegistry uri https://registry.npmjs.org/get-intrinsic
301 silly fetchNamedPackageData is-regex
302 silly mapToRegistry name is-regex
303 silly mapToRegistry using default registry
304 silly mapToRegistry registry https://registry.npmjs.org/
305 silly mapToRegistry uri https://registry.npmjs.org/is-regex
306 silly fetchNamedPackageData isarray
307 silly mapToRegistry name isarray
308 silly mapToRegistry using default registry
309 silly mapToRegistry registry https://registry.npmjs.org/
310 silly mapToRegistry uri https://registry.npmjs.org/isarray
311 silly fetchNamedPackageData object-is
312 silly mapToRegistry name object-is
313 silly mapToRegistry using default registry
314 silly mapToRegistry registry https://registry.npmjs.org/
315 silly mapToRegistry uri https://registry.npmjs.org/object-is
316 silly fetchNamedPackageData object.assign
317 silly mapToRegistry name object.assign
318 silly mapToRegistry using default registry
319 silly mapToRegistry registry https://registry.npmjs.org/
320 silly mapToRegistry uri https://registry.npmjs.org/object.assign
321 silly fetchNamedPackageData side-channel
322 silly mapToRegistry name side-channel
323 silly mapToRegistry using default registry
324 silly mapToRegistry registry https://registry.npmjs.org/
325 silly mapToRegistry uri https://registry.npmjs.org/side-channel
326 silly fetchNamedPackageData which-boxed-primitive
327 silly mapToRegistry name which-boxed-primitive
328 silly mapToRegistry using default registry
329 silly mapToRegistry registry https://registry.npmjs.org/
330 silly mapToRegistry uri https://registry.npmjs.org/which-boxed-primitive
331 silly fetchNamedPackageData which-collection
332 silly mapToRegistry name which-collection
333 silly mapToRegistry using default registry
334 silly mapToRegistry registry https://registry.npmjs.org/
335 silly mapToRegistry uri https://registry.npmjs.org/which-collection
336 silly fetchNamedPackageData which-typed-array
337 silly mapToRegistry name which-typed-array
338 silly mapToRegistry using default registry
339 silly mapToRegistry registry https://registry.npmjs.org/
340 silly mapToRegistry uri https://registry.npmjs.org/which-typed-array
341 verbose request uri https://registry.npmjs.org/call-bind
342 verbose request no auth needed
343 info attempt registry request try #1 at 5:02:18 PM
344 http request GET https://registry.npmjs.org/call-bind
345 verbose request uri https://registry.npmjs.org/es-get-iterator
346 verbose request no auth needed
347 info attempt registry request try #1 at 5:02:18 PM
348 http request GET https://registry.npmjs.org/es-get-iterator
349 verbose request uri https://registry.npmjs.org/get-intrinsic
350 verbose request no auth needed
351 info attempt registry request try #1 at 5:02:18 PM
352 http request GET https://registry.npmjs.org/get-intrinsic
353 verbose request uri https://registry.npmjs.org/is-regex
354 verbose request no auth needed
355 info attempt registry request try #1 at 5:02:18 PM
356 http request GET https://registry.npmjs.org/is-regex
357 verbose request uri https://registry.npmjs.org/isarray
358 verbose request no auth needed
359 info attempt registry request try #1 at 5:02:18 PM
360 http request GET https://registry.npmjs.org/isarray
361 verbose request uri https://registry.npmjs.org/object-is
362 verbose request no auth needed
363 info attempt registry request try #1 at 5:02:18 PM
364 http request GET https://registry.npmjs.org/object-is
365 verbose request uri https://registry.npmjs.org/object.assign
366 verbose request no auth needed
367 info attempt registry request try #1 at 5:02:18 PM
368 http request GET https://registry.npmjs.org/object.assign
369 verbose request uri https://registry.npmjs.org/side-channel
370 verbose request no auth needed
371 info attempt registry request try #1 at 5:02:18 PM
372 http request GET https://registry.npmjs.org/side-channel
373 verbose request uri https://registry.npmjs.org/which-boxed-primitive
374 verbose request no auth needed
375 info attempt registry request try #1 at 5:02:18 PM
376 http request GET https://registry.npmjs.org/which-boxed-primitive
377 verbose request uri https://registry.npmjs.org/which-collection
378 verbose request no auth needed
379 info attempt registry request try #1 at 5:02:18 PM
380 http request GET https://registry.npmjs.org/which-collection
381 verbose request uri https://registry.npmjs.org/which-typed-array
382 verbose request no auth needed
383 info attempt registry request try #1 at 5:02:18 PM
384 http request GET https://registry.npmjs.org/which-typed-array
385 http 200 https://registry.npmjs.org/is-regex
386 verbose headers { date: 'Mon, 05 Jul 2021 14:02:18 GMT',
386 verbose headers   'content-type': 'application/json',
386 verbose headers   'transfer-encoding': 'chunked',
386 verbose headers   connection: 'keep-alive',
386 verbose headers   'cf-ray': '66a12157c960ac7c-JNB',
386 verbose headers   age: '6478',
386 verbose headers   'cache-control': 'public, max-age=300',
386 verbose headers   etag: 'W/"f9de1a2e07e3dd8ddf4ba3ed8aebce88"',
386 verbose headers   'last-modified': 'Sat, 08 May 2021 05:36:05 GMT',
386 verbose headers   vary: 'accept-encoding, accept',
386 verbose headers   'cf-cache-status': 'HIT',
386 verbose headers   'expect-ct': 'max-age=604800, report-uri="https://report-uri.cloudflare.com/cdn-cgi/beacon/expect-ct"',
386 verbose headers   server: 'cloudflare',
386 verbose headers   'content-encoding': 'gzip' }
387 silly get cb [ 200,
387 silly get   { date: 'Mon, 05 Jul 2021 14:02:18 GMT',
387 silly get     'content-type': 'application/json',
387 silly get     'transfer-encoding': 'chunked',
387 silly get     connection: 'keep-alive',
387 silly get     'cf-ray': '66a12157c960ac7c-JNB',
387 silly get     age: '6478',
387 silly get     'cache-control': 'public, max-age=300',
387 silly get     etag: 'W/"f9de1a2e07e3dd8ddf4ba3ed8aebce88"',
387 silly get     'last-modified': 'Sat, 08 May 2021 05:36:05 GMT',
387 silly get     vary: 'accept-encoding, accept',
387 silly get     'cf-cache-status': 'HIT',
387 silly get     'expect-ct': 'max-age=604800, report-uri="https://report-uri.cloudflare.com/cdn-cgi/beacon/expect-ct"',
387 silly get     server: 'cloudflare',
387 silly get     'content-encoding': 'gzip' } ]
388 verbose get saving is-regex to /home/rev/.npm/registry.npmjs.org/is-regex/.cache.json
389 silly resolveWithNewModule is-regex@1.1.3 checking installable status
390 silly cache add args [ 'is-regex@^1.1.1', null ]
391 verbose cache add spec is-regex@^1.1.1
392 silly cache add parsed spec Result {
392 silly cache add   raw: 'is-regex@^1.1.1',
392 silly cache add   scope: null,
392 silly cache add   name: 'is-regex',
392 silly cache add   rawSpec: '^1.1.1',
392 silly cache add   spec: '>=1.1.1 <2.0.0',
392 silly cache add   type: 'range' }
393 silly addNamed is-regex@>=1.1.1 <2.0.0
394 verbose addNamed ">=1.1.1 <2.0.0" is a valid semver range for is-regex
395 silly addNameRange { name: 'is-regex', range: '>=1.1.1 <2.0.0', hasData: false }
396 silly mapToRegistry name is-regex
397 silly mapToRegistry using default registry
398 silly mapToRegistry registry https://registry.npmjs.org/
399 silly mapToRegistry uri https://registry.npmjs.org/is-regex
400 verbose addNameRange registry:https://registry.npmjs.org/is-regex not in flight; fetching
401 verbose get https://registry.npmjs.org/is-regex not expired, no request
402 silly addNameRange number 2 { name: 'is-regex', range: '>=1.1.1 <2.0.0', hasData: true }
403 silly addNameRange versions [ 'is-regex',
403 silly addNameRange   [ '0.0.0',
403 silly addNameRange     '1.0.0',
403 silly addNameRange     '1.0.1',
403 silly addNameRange     '1.0.2',
403 silly addNameRange     '1.0.3',
403 silly addNameRange     '1.0.4',
403 silly addNameRange     '1.0.5',
403 silly addNameRange     '1.1.0',
403 silly addNameRange     '1.1.1',
403 silly addNameRange     '1.1.2',
403 silly addNameRange     '1.1.3' ] ]
404 silly addNamed is-regex@1.1.3
405 verbose addNamed "1.1.3" is a plain semver version for is-regex
406 silly mapToRegistry name is-regex
407 silly mapToRegistry using default registry
408 silly mapToRegistry registry https://registry.npmjs.org/
409 silly mapToRegistry uri https://registry.npmjs.org/is-regex
410 verbose addRemoteTarball https://registry.npmjs.org/is-regex/-/is-regex-1.1.3.tgz not in flight; adding
411 verbose addRemoteTarball [ 'https://registry.npmjs.org/is-regex/-/is-regex-1.1.3.tgz',
411 verbose addRemoteTarball   'd029f9aff6448b93ebbe3f33dac71511fdcbef9f' ]
412 info retry fetch attempt 1 at 5:02:19 PM
413 info attempt registry request try #1 at 5:02:19 PM
414 http fetch GET https://registry.npmjs.org/is-regex/-/is-regex-1.1.3.tgz
415 http fetch 200 https://registry.npmjs.org/is-regex/-/is-regex-1.1.3.tgz
416 silly fetchAndShaCheck shasum d029f9aff6448b93ebbe3f33dac71511fdcbef9f
417 verbose addTmpTarball /tmp/npm-19627-587be816/registry.npmjs.org/is-regex/-/is-regex-1.1.3.tgz not in flight; adding
418 verbose addTmpTarball already have metadata; skipping unpack for is-regex@1.1.3
419 silly cache afterAdd is-regex@1.1.3
420 verbose afterAdd /home/rev/.npm/is-regex/1.1.3/package/package.json not in flight; writing
421 verbose afterAdd /home/rev/.npm/is-regex/1.1.3/package/package.json written
422 http 200 https://registry.npmjs.org/es-get-iterator
423 verbose headers { date: 'Mon, 05 Jul 2021 14:02:18 GMT',
423 verbose headers   'content-type': 'application/json',
423 verbose headers   'transfer-encoding': 'chunked',
423 verbose headers   connection: 'keep-alive',
423 verbose headers   'cf-ray': '66a12157c9b80521-JNB',
423 verbose headers   age: '5654',
423 verbose headers   'cache-control': 'public, max-age=300',
423 verbose headers   etag: 'W/"8209b63fe63867e82efc74b4e45d3db4"',
423 verbose headers   'last-modified': 'Tue, 26 Jan 2021 20:48:45 GMT',
423 verbose headers   vary: 'accept-encoding, accept',
423 verbose headers   'cf-cache-status': 'HIT',
423 verbose headers   'expect-ct': 'max-age=604800, report-uri="https://report-uri.cloudflare.com/cdn-cgi/beacon/expect-ct"',
423 verbose headers   server: 'cloudflare',
423 verbose headers   'content-encoding': 'gzip' }
424 silly get cb [ 200,
424 silly get   { date: 'Mon, 05 Jul 2021 14:02:18 GMT',
424 silly get     'content-type': 'application/json',
424 silly get     'transfer-encoding': 'chunked',
424 silly get     connection: 'keep-alive',
424 silly get     'cf-ray': '66a12157c9b80521-JNB',
424 silly get     age: '5654',
424 silly get     'cache-control': 'public, max-age=300',
424 silly get     etag: 'W/"8209b63fe63867e82efc74b4e45d3db4"',
424 silly get     'last-modified': 'Tue, 26 Jan 2021 20:48:45 GMT',
424 silly get     vary: 'accept-encoding, accept',
424 silly get     'cf-cache-status': 'HIT',
424 silly get     'expect-ct': 'max-age=604800, report-uri="https://report-uri.cloudflare.com/cdn-cgi/beacon/expect-ct"',
424 silly get     server: 'cloudflare',
424 silly get     'content-encoding': 'gzip' } ]
425 verbose get saving es-get-iterator to /home/rev/.npm/registry.npmjs.org/es-get-iterator/.cache.json
426 verbose stack Error: Missing required argument #1
426 verbose stack     at andLogAndFinish (/usr/share/npm/lib/fetch-package-metadata.js:31:3)
426 verbose stack     at fetchPackageMetadata (/usr/share/npm/lib/fetch-package-metadata.js:51:22)
426 verbose stack     at resolveWithNewModule (/usr/share/npm/lib/install/deps.js:456:12)
426 verbose stack     at /usr/share/npm/lib/install/deps.js:457:7
426 verbose stack     at /usr/share/npm/node_modules/iferr/index.js:13:50
426 verbose stack     at /usr/share/npm/lib/fetch-package-metadata.js:37:12
426 verbose stack     at addRequestedAndFinish (/usr/share/npm/lib/fetch-package-metadata.js:82:5)
426 verbose stack     at returnAndAddMetadata (/usr/share/npm/lib/fetch-package-metadata.js:117:7)
426 verbose stack     at pickVersionFromRegistryDocument (/usr/share/npm/lib/fetch-package-metadata.js:134:20)
426 verbose stack     at /usr/share/npm/node_modules/iferr/index.js:13:50
427 verbose cwd /opt/lampp/htdocs/rev_wip/rev_ca_web/rev_ca_react_web
428 error Linux 5.4.0-73-generic
429 error argv "/usr/bin/node" "/usr/bin/npm" "i" "quill-autoformat"
430 error node v8.10.0
431 error npm  v3.5.2
432 error code EMISSINGARG
433 error typeerror Error: Missing required argument #1
433 error typeerror     at andLogAndFinish (/usr/share/npm/lib/fetch-package-metadata.js:31:3)
433 error typeerror     at fetchPackageMetadata (/usr/share/npm/lib/fetch-package-metadata.js:51:22)
433 error typeerror     at resolveWithNewModule (/usr/share/npm/lib/install/deps.js:456:12)
433 error typeerror     at /usr/share/npm/lib/install/deps.js:457:7
433 error typeerror     at /usr/share/npm/node_modules/iferr/index.js:13:50
433 error typeerror     at /usr/share/npm/lib/fetch-package-metadata.js:37:12
433 error typeerror     at addRequestedAndFinish (/usr/share/npm/lib/fetch-package-metadata.js:82:5)
433 error typeerror     at returnAndAddMetadata (/usr/share/npm/lib/fetch-package-metadata.js:117:7)
433 error typeerror     at pickVersionFromRegistryDocument (/usr/share/npm/lib/fetch-package-metadata.js:134:20)
433 error typeerror     at /usr/share/npm/node_modules/iferr/index.js:13:50
434 error typeerror This is an error with npm itself. Please report this error at:
434 error typeerror     <http://github.com/npm/npm/issues>
435 verbose exit [ 1, true ]
